Base path: C:/Program Files/Unity/Editor/Data
Cmd: initializeCompiler
Cmd: compileComputeKernel
  error: 1 plat 4 at SoftEffectsCompute.compute(673): implicit truncation of vector type
  error: 1 plat 4 at SoftEffectsCompute.compute(721): implicit truncation of vector type
  error: 1 plat 4 at SoftEffectsCompute.compute(768): implicit truncation of vector type
  error: 1 plat 4 at SoftEffectsCompute.compute(816): implicit truncation of vector type
  api=4 insize=105695 outsize=1741 ok=1
Cmd: compileComputeKernel
  error: 1 plat 4 at SoftEffectsCompute.compute(673): implicit truncation of vector type
  error: 1 plat 4 at SoftEffectsCompute.compute(721): implicit truncation of vector type
  error: 1 plat 4 at SoftEffectsCompute.compute(768): implicit truncation of vector type
  error: 1 plat 4 at SoftEffectsCompute.compute(816): implicit truncation of vector type
  api=4 insize=105695 outsize=397 ok=1
Cmd: compileComputeKernel
  error: 1 plat 4 at SoftEffectsCompute.compute(673): implicit truncation of vector type
  error: 1 plat 4 at SoftEffectsCompute.compute(721): implicit truncation of vector type
  error: 1 plat 4 at SoftEffectsCompute.compute(768): implicit truncation of vector type
  error: 1 plat 4 at SoftEffectsCompute.compute(816): implicit truncation of vector type
  api=4 insize=105695 outsize=1405 ok=1
Cmd: compileComputeKernel
  error: 1 plat 4 at SoftEffectsCompute.compute(673): implicit truncation of vector type
  error: 1 plat 4 at SoftEffectsCompute.compute(721): implicit truncation of vector type
  error: 1 plat 4 at SoftEffectsCompute.compute(768): implicit truncation of vector type
  error: 1 plat 4 at SoftEffectsCompute.compute(816): implicit truncation of vector type
  api=4 insize=105695 outsize=1761 ok=1
Cmd: compileComputeKernel
  error: 1 plat 4 at SoftEffectsCompute.compute(673): implicit truncation of vector type
  error: 1 plat 4 at SoftEffectsCompute.compute(721): implicit truncation of vector type
  error: 1 plat 4 at SoftEffectsCompute.compute(768): implicit truncation of vector type
  error: 1 plat 4 at SoftEffectsCompute.compute(816): implicit truncation of vector type
  api=4 insize=105695 outsize=477 ok=1
Cmd: compileComputeKernel
  error: 1 plat 4 at SoftEffectsCompute.compute(673): implicit truncation of vector type
  error: 1 plat 4 at SoftEffectsCompute.compute(721): implicit truncation of vector type
  error: 1 plat 4 at SoftEffectsCompute.compute(768): implicit truncation of vector type
  error: 1 plat 4 at SoftEffectsCompute.compute(816): implicit truncation of vector type
  api=4 insize=105695 outsize=1637 ok=1
Cmd: compileComputeKernel
  error: 1 plat 4 at SoftEffectsCompute.compute(673): implicit truncation of vector type
  error: 1 plat 4 at SoftEffectsCompute.compute(721): implicit truncation of vector type
  error: 1 plat 4 at SoftEffectsCompute.compute(768): implicit truncation of vector type
  error: 1 plat 4 at SoftEffectsCompute.compute(816): implicit truncation of vector type
  api=4 insize=105695 outsize=1629 ok=1
Cmd: compileComputeKernel
  error: 1 plat 4 at SoftEffectsCompute.compute(673): implicit truncation of vector type
  error: 1 plat 4 at SoftEffectsCompute.compute(721): implicit truncation of vector type
  error: 1 plat 4 at SoftEffectsCompute.compute(768): implicit truncation of vector type
  error: 1 plat 4 at SoftEffectsCompute.compute(816): implicit truncation of vector type
  api=4 insize=105695 outsize=1225 ok=1
Cmd: compileComputeKernel
  error: 1 plat 4 at SoftEffectsCompute.compute(673): implicit truncation of vector type
  error: 1 plat 4 at SoftEffectsCompute.compute(721): implicit truncation of vector type
  error: 1 plat 4 at SoftEffectsCompute.compute(768): implicit truncation of vector type
  error: 1 plat 4 at SoftEffectsCompute.compute(816): implicit truncation of vector type
  api=4 insize=105695 outsize=549 ok=1
Cmd: compileComputeKernel
  error: 1 plat 4 at SoftEffectsCompute.compute(673): implicit truncation of vector type
  error: 1 plat 4 at SoftEffectsCompute.compute(721): implicit truncation of vector type
  error: 1 plat 4 at SoftEffectsCompute.compute(768): implicit truncation of vector type
  error: 1 plat 4 at SoftEffectsCompute.compute(816): implicit truncation of vector type
  api=4 insize=105695 outsize=1517 ok=1
Cmd: compileComputeKernel
  error: 1 plat 4 at SoftEffectsCompute.compute(673): implicit truncation of vector type
  error: 1 plat 4 at SoftEffectsCompute.compute(721): implicit truncation of vector type
  error: 1 plat 4 at SoftEffectsCompute.compute(768): implicit truncation of vector type
  error: 1 plat 4 at SoftEffectsCompute.compute(816): implicit truncation of vector type
  api=4 insize=105695 outsize=1497 ok=1
Cmd: compileComputeKernel
  error: 1 plat 4 at SoftEffectsCompute.compute(673): implicit truncation of vector type
  error: 1 plat 4 at SoftEffectsCompute.compute(721): implicit truncation of vector type
  error: 1 plat 4 at SoftEffectsCompute.compute(768): implicit truncation of vector type
  error: 1 plat 4 at SoftEffectsCompute.compute(816): implicit truncation of vector type
  api=4 insize=105695 outsize=1741 ok=1
Cmd: compileComputeKernel
  error: 1 plat 4 at SoftEffectsCompute.compute(673): implicit truncation of vector type
  error: 1 plat 4 at SoftEffectsCompute.compute(721): implicit truncation of vector type
  error: 1 plat 4 at SoftEffectsCompute.compute(768): implicit truncation of vector type
  error: 1 plat 4 at SoftEffectsCompute.compute(816): implicit truncation of vector type
  error: 1 plat 4 at SoftEffectsCompute.compute(2355): integer divides may be much slower, try using uints if possible.
  api=4 insize=105695 outsize=3217 ok=1
Cmd: compileComputeKernel
  error: 1 plat 4 at SoftEffectsCompute.compute(673): implicit truncation of vector type
  error: 1 plat 4 at SoftEffectsCompute.compute(721): implicit truncation of vector type
  error: 1 plat 4 at SoftEffectsCompute.compute(768): implicit truncation of vector type
  error: 1 plat 4 at SoftEffectsCompute.compute(816): implicit truncation of vector type
  error: 1 plat 4 at SoftEffectsCompute.compute(2397): integer divides may be much slower, try using uints if possible.
  error: 1 plat 4 at SoftEffectsCompute.compute(2398): integer divides may be much slower, try using uints if possible.
  api=4 insize=105695 outsize=3141 ok=1
Cmd: compileComputeKernel
  error: 1 plat 4 at SoftEffectsCompute.compute(673): implicit truncation of vector type
  error: 1 plat 4 at SoftEffectsCompute.compute(721): implicit truncation of vector type
  error: 1 plat 4 at SoftEffectsCompute.compute(768): implicit truncation of vector type
  error: 1 plat 4 at SoftEffectsCompute.compute(816): implicit truncation of vector type
  api=4 insize=105695 outsize=1033 ok=1
Cmd: initializeCompiler
Cmd: initializeCompiler
Cmd: initializeCompiler
Cmd: initializeCompiler
Cmd: initializeCompiler
Cmd: initializeCompiler
Cmd: initializeCompiler
Cmd: initializeCompiler
Cmd: initializeCompiler
Cmd: initializeCompiler
Cmd: initializeCompiler
Cmd: initializeCompiler
Cmd: initializeCompiler
Cmd: initializeCompiler
Cmd: initializeCompiler
Cmd: initializeCompiler
Cmd: initializeCompiler
